<?xml version="1.0" encoding="UTF-8"?>
<!-- Generated by org.testng.reporters.JUnitReportReporter -->
<testsuite hostname="DIN16000324" name="bm.petclinic.PetClinic" tests="1" failures="0" timestamp="20 Mar 2017 06:06:37 GMT" time="0.013" errors="0">
  <testcase name="getTitle" time="0.013" classname="bm.petclinic.PetClinic"/>
</testsuite> <!-- bm.petclinic.PetClinic -->
