<?xml version="1.0" encoding="UTF-8"?>
<!-- Generated by org.testng.reporters.JUnitReportReporter -->
<testsuite hostname="DIN16000324" name="bm.petclinic.PetClinic" tests="1" failures="0" timestamp="20 Mar 2017 06:00:30 GMT" time="0.647" errors="0">
  <testcase name="addPet" time="0.647" classname="bm.petclinic.PetClinic"/>
</testsuite> <!-- bm.petclinic.PetClinic -->
